* installing *source* package 'CMakeRcppTemplate' ...
** this is package 'CMakeRcppTemplate' version '0.1.0'
** using staged installation
** COMPILING THE OPENCL BACKEND CODE NOW! **
-- Building for: Unix Makefiles
-- The CXX compiler identification is GNU 14.2.0
-- Detecting CXX compiler ABI info
-- Detecting CXX compiler ABI info - done
-- Check for working CXX compiler: C:/rtools45/x86_64-w64-mingw32.static.posix/bin/g++.exe - skipped
-- Detecting CXX compile features
-- Detecting CXX compile features - done
-- Looking for CL_VERSION_3_0
-- Looking for CL_VERSION_3_0 - found
-- Found OpenCL: C:/Program Files/NVIDIA GPU Computing Toolkit/CUDA/v12.9/lib/x64/OpenCL.lib (found version "3.0")
-- Configuring done (2.1s)
-- Generating done (0.0s)
-- Build files have been written to: C:/Data Science/Privat/cmake-rcpp-template/src/backend/build
[  5%] Creating directories for 'OpenCL_Headers'
[ 10%] Performing download step (git clone) for 'OpenCL_Headers'
Cloning into 'OpenCL-Headers'...
HEAD is now at b79b358 Add unions for ICD2 tags in cl_icd_dispatch (#280)
[ 15%] Performing update step for 'OpenCL_Headers'
-- Already at requested ref: b79b358ff6b9998d3fc65a5f55083db3d651d55d
[ 20%] No patch step for 'OpenCL_Headers'
[ 25%] No configure step for 'OpenCL_Headers'
[ 30%] No build step for 'OpenCL_Headers'
[ 35%] No install step for 'OpenCL_Headers'
[ 40%] Completed 'OpenCL_Headers'
[ 40%] Built target OpenCL_Headers
[ 45%] Creating directories for 'OpenCL_CLHPP'
[ 50%] Performing download step (git clone) for 'OpenCL_CLHPP'
Cloning into 'OpenCL-CLHPP'...
HEAD is now at 2a60842 add support for cl_khr_spirv_queries (#324)
Submodule 'external/CMock' (https://github.com/ThrowTheSwitch/CMock) registered for path 'external/CMock'
Cloning into 'C:/Data Science/Privat/cmake-rcpp-template/src/backend/lib/OpenCL-CLHPP/external/CMock'...
Submodule path 'external/CMock': checked out '379a9a8d5dd5cdff8fd345710dd70ae26f966c71'
Submodule 'vendor/c_exception' (https://github.com/throwtheswitch/cexception.git) registered for path 'external/CMock/vendor/c_exception'
Submodule 'vendor/unity' (https://github.com/throwtheswitch/unity.git) registered for path 'external/CMock/vendor/unity'
Cloning into 'C:/Data Science/Privat/cmake-rcpp-template/src/backend/lib/OpenCL-CLHPP/external/CMock/vendor/c_exception'...
Cloning into 'C:/Data Science/Privat/cmake-rcpp-template/src/backend/lib/OpenCL-CLHPP/external/CMock/vendor/unity'...
Submodule path 'external/CMock/vendor/c_exception': checked out '71b47be7c950f1bf5f7e5303779fa99a16224bb6'
Submodule path 'external/CMock/vendor/unity': checked out '4389bab82ee8a4b4631a03be2e07dd5c67dab2d4'
[ 55%] Performing update step for 'OpenCL_CLHPP'
-- Already at requested ref: 2a608428f725cad7903ef55e1ce5b995895838f5
[ 60%] No patch step for 'OpenCL_CLHPP'
[ 65%] No configure step for 'OpenCL_CLHPP'
[ 70%] No build step for 'OpenCL_CLHPP'
[ 75%] No install step for 'OpenCL_CLHPP'
[ 80%] Completed 'OpenCL_CLHPP'
[ 80%] Built target OpenCL_CLHPP
[ 85%] Building CXX object CMakeFiles/BACKEND.dir/src/CL_context.cpp.obj
[ 90%] Building CXX object CMakeFiles/BACKEND.dir/src/distance_matrix.cpp.obj
[ 95%] Building CXX object CMakeFiles/BACKEND.dir/src/init.cpp.obj
[100%] Linking CXX shared library BACKEND.dll
[100%] Built target BACKEND
** SUCCESSFULLY BUILT OPENCL BACKEND CODE! **
** COPYING KERNELS! **
** SUCCESSFULLY COPIED KERNELS! **
** libs
using C++ compiler: 'G__~1.EXE (GCC) 14.2.0'
g++ -std=gnu++17  -I"C:/PROGRA~1/R/R-45~1.0/include" -DNDEBUG -I./backend/include -I'C:/Program Files/R/R-4.5.0/library/Rcpp/include'   -I"C:/rtools45/x86_64-w64-mingw32.static.posix/include"      -O2 -Wall  -mfpmath=sse -msse2 -mstackrealign    -c RcppInterface.cpp -o RcppInterface.o
g++ -std=gnu++17 -shared -s -static-libgcc -o CMakeRcppTemplate.dll tmp.def RcppInterface.o -L. -lBACKEND -LC:/rtools45/x86_64-w64-mingw32.static.posix/lib/x64 -LC:/rtools45/x86_64-w64-mingw32.static.posix/lib -LC:/PROGRA~1/R/R-45~1.0/bin/x64 -lR
installing to C:/DATASC~1/Privat/CMAKE-~1/RCHECK~1/00LOCK-CMAKE-~1/00new/CMakeRcppTemplate/libs/x64
** R
** inst
** byte-compile and prepare package for lazy loading
** help
*** installing help indices
** building package indices
** testing if installed package can be loaded from temporary location
[1] "C:/Data Science/Privat/cmake-rcpp-template/..Rcheck/00LOCK-CMAKE-~1/00new/CMakeRcppTemplate/kernels"
Found device: NVIDIA GeForce RTX 4070 Laptop GPU (NVIDIA Corporation) | Type: GPU | Compute Units: 36
Found device: Intel(R) RaptorLake-S Mobile Graphics Controller (Intel(R) Corporation) | Type: GPU | Compute Units: 32
Selected device: NVIDIA GeForce RTX 4070 Laptop GPU on platform: NVIDIA CUDA
** testing if installed package can be loaded from final location
[1] "C:/Data Science/Privat/cmake-rcpp-template/..Rcheck/CMakeRcppTemplate/kernels"
Found device: NVIDIA GeForce RTX 4070 Laptop GPU (NVIDIA Corporation) | Type: GPU | Compute Units: 36
Found device: Intel(R) RaptorLake-S Mobile Graphics Controller (Intel(R) Corporation) | Type: GPU | Compute Units: 32
Selected device: NVIDIA GeForce RTX 4070 Laptop GPU on platform: NVIDIA CUDA
** testing if installed package keeps a record of temporary installation path
* DONE (CMakeRcppTemplate)
